
WEC-Sim Input From Standard wecSimInputFile.m Of Case Directory... 
WEC-Sim: An open-source code for simulating wave energy converters
Version: 6.0

Initializing the Simulation Class...
	Case Dir: /Users/alex_barajas/Documents/Documents/PhD/Research/WEC-Sim/examples/RM3 
Elapsed time is 0.202405 seconds.

WEC-Sim Pre-processing ...   
[Warning: Removed
'/Users/alex_barajas/Documents/Documents/PhD/Research/WEC-Sim/examples/RM3/output'
from the MATLAB path for this MATLAB session.
	See 'doc path' for more information.] 
[> In <a href="matlab:matlab.internal.language.introspective.errorDocCallback('simulationClass/setup', '/Users/alex_barajas/Documents/Documents/PhD/Research/WEC-Sim/source/objects/simulationClass.m', 184)" style="font-weight:bold">simulationClass/setup</a> (<a href="matlab: opentoline('/Users/alex_barajas/Documents/Documents/PhD/Research/WEC-Sim/source/objects/simulationClass.m',184,0)">line 184</a>)
In <a href="matlab:matlab.internal.language.introspective.errorDocCallback('initializeWecSim', '/Users/alex_barajas/Documents/Documents/PhD/Research/WEC-Sim/source/functions/initializeWecSim.m', 249)" style="font-weight:bold">initializeWecSim</a> (<a href="matlab: opentoline('/Users/alex_barajas/Documents/Documents/PhD/Research/WEC-Sim/source/functions/initializeWecSim.m',249,0)">line 249</a>)
In <a href="matlab:matlab.internal.language.introspective.errorDocCallback('run', '/Applications/MATLAB_R2023b.app/toolbox/matlab/lang/run.m', 99)" style="font-weight:bold">run</a> (<a href="matlab: opentoline('/Applications/MATLAB_R2023b.app/toolbox/matlab/lang/run.m',99,0)">line 99</a>)
In <a href="matlab:matlab.internal.language.introspective.errorDocCallback('wecSim', '/Users/alex_barajas/Documents/Documents/PhD/Research/WEC-Sim/source/wecSim.m', 43)" style="font-weight:bold">wecSim</a> (<a href="matlab: opentoline('/Users/alex_barajas/Documents/Documents/PhD/Research/WEC-Sim/source/wecSim.m',43,0)">line 43</a>)] 
	Infinite water depth specified in BEM and "waves.waterDepth" not specified in input file.
Set water depth to 200m for visualization.
Elapsed time is 1.421025 seconds.

WEC-Sim Simulation Settings:
	Start Time                     (sec) = 0
	End Time                       (sec) = 600
	Time Step Size                 (sec) = 0.01
	Ramp Function Time             (sec) = 100
	Convolution Integral Interval  (sec) = 60
	 Number of Time Steps     = 60000 

Wave Environment: 
	Wave Type                            = Irregular Waves (Arbitrary Random Phase)
	Spectrum Type                        = Pierson-Moskowitz  
	Significant Wave Height, Hs      (m) = 3
	Peak Wave Period, Tp           (sec) = 8

List of Body: Number of Bodies = 2 

	***** Body Number 1, Name: float *****
	Body CG                          (m) = [0,0,-0.72]
	Body Mass                       (kg) = 725833 
	Body Moments of Inertia       (kgm2) = [2.09073E+07,2.13061E+07,3.70855E+07]
	Body Products of Inertia      (kgm2) = [0,0,0]

	***** Body Number 2, Name: spar *****
	Body CG                          (m) = [0,0,-21.29]
	Body Mass                       (kg) = 886687 
	Body Moments of Inertia       (kgm2) = [9.44196E+07,9.44071E+07,2.85422E+07]
	Body Products of Inertia      (kgm2) = [0,0,0]

List of PTO(s): Number of PTOs = 1 

	***** PTO Name: PTO1 *****
	PTO Stiffness           (N/m;Nm/rad) = 0
	PTO Damping           (Ns/m;Nsm/rad) = 1.2E+06

List of Constraint(s): Number of Constraints = 1 

	***** Constraint Name: Constraint1 *****


Simulating the WEC device defined in the SimMechanics model /Users/alex_barajas/Documents/Documents/PhD/Research/WEC-Sim/examples/RM3/RM3.slx...   
Elapsed time is 6.004620 seconds.
Elapsed time is 78.650477 seconds.

Post-processing and saving...   
Elapsed time is 1.280521 seconds.
